#
# A fatal error has been detected by the Java Runtime Environment:
#
#  EXCEPTION_ACCESS_VIOLATION (0xc0000005) at pc=0x65411634, pid=9196, tid=8412
#
# JRE version: 7.0_01-b08
# Java VM: Java HotSpot(TM) Client VM (21.1-b02 mixed mode windows-x86 )
# Problematic frame:
# V  [jvm.dll+0x161634]
#
# Failed to write core dump. Minidumps are not enabled by default on client versions of Windows
#
# If you would like to submit a bug report, please visit:
#   http://bugreport.sun.com/bugreport/crash.jsp
#

---------------  T H R E A D  ---------------

Current thread (0x186cdc00):  JavaThread "JDWP Transport Listener: dt_socket" daemon [_thread_in_vm, id=8412, stack(0x19060000,0x190b0000)]

siginfo: ExceptionCode=0xc0000005, reading address 0x0000000c

Registers:
EAX=0x00000000, EBX=0x04b76e08, ECX=0x0000000c, EDX=0x00000000
ESP=0x190afaa4, EBP=0x190afab0, ESI=0x0000000c, EDI=0x00000004
EIP=0x65411634, EFLAGS=0x00010202

Top of Stack: (sp=0x190afaa4)
0x190afaa4:   186cdd28 04b76e08 186cdc00 190afac0
0x190afab4:   652d0090 0000000c 00000004 190afae8
0x190afac4:   6534f053 04b76e08 186cdd28 545ce174
0x190afad4:   545ce15c 186cdc00 00000000 186cdd28
0x190afae4:   190afbac 545ce99c 545b63b2 186cdd28
0x190afaf4:   18657f6c 00000000 190afb20 190afbac
0x190afb04:   18723a58 190afb5c 18657f6c 190afb2c
0x190afb14:   545bbd12 190afb2c 190afb60 545ce890 

Instructions: (pc=0x65411634)
0x65411614:   cc cc cc cc cc cc cc cc cc cc cc cc 55 8b ec 57
0x65411624:   8b 7d 0c 33 c0 33 d2 85 ff 7e 2e 53 56 8b 75 08
0x65411634:   0f b7 0c 56 8d 59 ff 66 83 fb 7e 77 03 40 eb 12
0x65411644:   bb ff 07 00 00 66 3b cb 77 05 83 c0 02 eb 03 83 


Register to memory mapping:

EAX=0x00000000 is an unknown value
EBX=0x04b76e08 is an oop
java.lang.String 
 - klass: 'java/lang/String'
ECX=0x0000000c is an unknown value
EDX=0x00000000 is an unknown value
ESP=0x190afaa4 is pointing into the stack for thread: 0x186cdc00
EBP=0x190afab0 is pointing into the stack for thread: 0x186cdc00
ESI=0x0000000c is an unknown value
EDI=0x00000004 is an unknown value


Stack: [0x19060000,0x190b0000],  sp=0x190afaa4,  free space=318k
Native frames: (J=compiled Java code, j=interpreted, Vv=VM code, C=native code)
V  [jvm.dll+0x161634]
V  [jvm.dll+0x20090]
V  [jvm.dll+0x9f053]


---------------  P R O C E S S  ---------------

Java Threads: ( => current thread )
  0x186e6c00 JavaThread "Service Thread" daemon [_thread_blocked, id=7544, stack(0x193e0000,0x19430000)]
  0x186e8800 JavaThread "C1 CompilerThread0" daemon [_thread_blocked, id=8676, stack(0x18b20000,0x18b70000)]
  0x186d6c00 JavaThread "JDWP Command Reader" daemon [_thread_in_native, id=7112, stack(0x19180000,0x191d0000)]
  0x186d5800 JavaThread "JDWP Event Helper Thread" daemon [_thread_blocked, id=6692, stack(0x19310000,0x19360000)]
=>0x186cdc00 JavaThread "JDWP Transport Listener: dt_socket" daemon [_thread_in_vm, id=8412, stack(0x19060000,0x190b0000)]
  0x186c8400 JavaThread "Attach Listener" daemon [_thread_blocked, id=7884, stack(0x18d80000,0x18dd0000)]
  0x186c5400 JavaThread "Signal Dispatcher" daemon [_thread_blocked, id=8120, stack(0x18ab0000,0x18b00000)]
  0x1864a400 JavaThread "Finalizer" daemon [_thread_blocked, id=6096, stack(0x18920000,0x18970000)]
  0x18645800 JavaThread "Reference Handler" daemon [_thread_blocked, id=6232, stack(0x18990000,0x189e0000)]
  0x001b9800 JavaThread "main" [_thread_in_Java, id=6284, stack(0x004c0000,0x00510000)]

Other Threads:
  0x18640400 VMThread [stack: 0x188b0000,0x18900000] [id=8180]
  0x186f3000 WatcherThread [stack: 0x194e0000,0x19530000] [id=5092]

VM state:not at safepoint (normal execution)

VM Mutex/Monitor currently owned by a thread: None

Heap
 def new generation   total 14464K, used 5392K [0x04640000, 0x055f0000, 0x09b90000)
  eden space 12864K,  41% used [0x04640000, 0x04b84178, 0x052d0000)
  from space 1600K,   0% used [0x052d0000, 0x052d0098, 0x05460000)
  to   space 1600K,   0% used [0x05460000, 0x05460000, 0x055f0000)
 tenured generation   total 32040K, used 27254K [0x09b90000, 0x0bada000, 0x14640000)
   the space 32040K,  85% used [0x09b90000, 0x0b62da90, 0x0b62dc00, 0x0bada000)
 compacting perm gen  total 12288K, used 1679K [0x14640000, 0x15240000, 0x18640000)
   the space 12288K,  13% used [0x14640000, 0x147e3e70, 0x147e4000, 0x15240000)
No shared spaces configured.

Code Cache  [0x02640000, 0x02700000, 0x04640000)
 total_blobs=274 nmethods=150 adapters=65 free_code_cache=32030Kb largest_free_block=32799424

Dynamic libraries:
0x009b0000 - 0x009df000 	E:\programfiles\Java32\bin\javaw.exe
0x77060000 - 0x771e0000 	C:\Windows\SysWOW64\ntdll.dll
0x765b0000 - 0x766c0000 	C:\Windows\syswow64\kernel32.dll
0x75d60000 - 0x75da7000 	C:\Windows\syswow64\KERNELBASE.dll
0x766c0000 - 0x76760000 	C:\Windows\syswow64\ADVAPI32.dll
0x76190000 - 0x7623c000 	C:\Windows\syswow64\msvcrt.dll
0x75a30000 - 0x75a49000 	C:\Windows\SysWOW64\sechost.dll
0x75a50000 - 0x75b40000 	C:\Windows\syswow64\RPCRT4.dll
0x74b80000 - 0x74be0000 	C:\Windows\syswow64\SspiCli.dll
0x74b70000 - 0x74b7c000 	C:\Windows\syswow64\CRYPTBASE.dll
0x75c60000 - 0x75d60000 	C:\Windows\syswow64\USER32.dll
0x75b80000 - 0x75c10000 	C:\Windows\syswow64\GDI32.dll
0x75fe0000 - 0x75fea000 	C:\Windows\syswow64\LPK.dll
0x76bc0000 - 0x76c5d000 	C:\Windows\syswow64\USP10.dll
0x72ac0000 - 0x72c5e000 	C:\Windows\WinSxS\x86_microsoft.windows.common-controls_6595b64144ccf1df_6.0.7601.18837_none_41e855142bd5705d\COMCTL32.dll
0x76330000 - 0x76387000 	C:\Windows\syswow64\SHLWAPI.dll
0x762d0000 - 0x76330000 	C:\Windows\system32\IMM32.DLL
0x76a60000 - 0x76b2c000 	C:\Windows\syswow64\MSCTF.dll
0x53d00000 - 0x53dbe000 	E:\programfiles\Java32\bin\msvcr100.dll
0x652b0000 - 0x655d1000 	E:\programfiles\Java32\bin\client\jvm.dll
0x746a0000 - 0x746a7000 	C:\Windows\system32\WSOCK32.dll
0x75de0000 - 0x75e15000 	C:\Windows\syswow64\WS2_32.dll
0x76a50000 - 0x76a56000 	C:\Windows\syswow64\NSI.dll
0x72ed0000 - 0x72f02000 	C:\Windows\system32\WINMM.dll
0x765a0000 - 0x765a5000 	C:\Windows\syswow64\PSAPI.DLL
0x6af30000 - 0x6af3c000 	E:\programfiles\Java32\bin\verify.dll
0x64a40000 - 0x64a60000 	E:\programfiles\Java32\bin\java.dll
0x545b0000 - 0x545da000 	E:\programfiles\Java32\bin\jdwp.dll
0x55ea0000 - 0x55ea7000 	E:\programfiles\Java32\bin\npt.dll
0x64a20000 - 0x64a33000 	E:\programfiles\Java32\bin\zip.dll
0x55e90000 - 0x55e98000 	E:\programfiles\Java32\bin\dt_socket.dll
0x72a90000 - 0x72aa0000 	C:\Windows\system32\NLAapi.dll
0x72a80000 - 0x72a90000 	C:\Windows\system32\napinsp.dll
0x72a60000 - 0x72a72000 	C:\Windows\system32\pnrpnsp.dll
0x72cd0000 - 0x72d0c000 	C:\Windows\System32\mswsock.dll
0x72a10000 - 0x72a54000 	C:\Windows\system32\DNSAPI.dll
0x72a00000 - 0x72a08000 	C:\Windows\System32\winrnr.dll
0x72f20000 - 0x72f3c000 	C:\Windows\system32\IPHLPAPI.DLL
0x72f10000 - 0x72f17000 	C:\Windows\system32\WINNSI.DLL
0x727d0000 - 0x72808000 	C:\Windows\System32\fwpuclnt.dll
0x729f0000 - 0x729f6000 	C:\Windows\system32\rasadhlp.dll
0x72cc0000 - 0x72cc5000 	C:\Windows\System32\wshtcpip.dll

VM Arguments:
jvm_args: -agentlib:jdwp=transport=dt_socket,suspend=y,address=localhost:54048 -Dfile.encoding=UTF-8 
java_command: cn.com.service.PrintDecisionTree
Launcher Type: SUN_STANDARD

Environment Variables:
JAVA_HOME=E:\programfiles\Java32
CLASSPATH=.;E:\programfiles\Java32\lib\tools.jar;E:\programfiles\Java32\lib\dt.jar
PATH=E:\programfiles\Java32\jre\bin;E:/programfiles/Java32/bin/client;E:/programfiles/Java32/bin;E:/programfiles/Java32/lib/i386;E:\programfiles\Java32\bin;C:\ProgramData\Oracle\Java\javapath;C:\Windows\system32;C:\Windows;C:\Windows\System32\Wbem;C:\Windows\System32\WindowsPowerShell\v1.0\;E:\soft\scala-SDK-4.0.0-vfinal-2.11-win32.win32.x86\eclipse;
USERNAME=sand
OS=Windows_NT
PROCESSOR_IDENTIFIER=Intel64 Family 6 Model 60 Stepping 3, GenuineIntel



---------------  S Y S T E M  ---------------

OS: Windows 7 , 64 bit Build 7601 Service Pack 1

CPU:total 4 (4 cores per cpu, 1 threads per core) family 6 model 60 stepping 3, cmov, cx8, fxsr, mmx, sse, sse2, sse3, ssse3, sse4.1, sse4.2, popcnt

Memory: 4k page, physical 8286152k(5700836k free), swap 16570468k(11527268k free)

vm_info: Java HotSpot(TM) Client VM (21.1-b02) for windows-x86 JRE (1.7.0_01-b08), built on Oct  3 2011 02:11:36 by "java_re" with unknown MS VC++:1600

time: Sat Dec 12 13:51:30 2015
elapsed time: 19 seconds

